<?xml version="1.0" encoding="UTF-8"?>
<!-- Generated by org.testng.reporters.JUnitReportReporter -->
<testsuite hostname="DESKTOP-OA6446K" failures="0" tests="1" name="TestNg.Fileuplod" time="0.526" errors="0" timestamp="2024-05-14T12:50:08 IST" skipped="0">
  <testcase classname="TestNg.Fileuplod" name="readData" time="0.526"/>
  <system-out/>
</testsuite> <!-- TestNg.Fileuplod -->
