<?xml version="1.0" encoding="UTF-8"?>
<!-- Generated by org.testng.reporters.JUnitReportReporter -->
<testsuite hostname="DESKTOP-OA6446K" failures="0" tests="1" name="listeners.GiftCart" time="21.235" errors="0" timestamp="2024-05-25T11:56:26 IST" skipped="0">
  <testcase classname="listeners.GiftCart" name="giftCard" time="21.235"/>
  <system-out/>
</testsuite> <!-- listeners.GiftCart -->
