<?xml version="1.0" encoding="UTF-8"?>
<!-- Generated by org.testng.reporters.JUnitReportReporter -->
<testsuite hostname="DESKTOP-OA6446K" failures="0" tests="1" name="TestNg.ReadDataOneShort" time="0.511" errors="0" timestamp="2024-05-14T13:00:20 IST" skipped="0">
  <testcase classname="TestNg.ReadDataOneShort" name="readData" time="0.511"/>
  <system-out/>
</testsuite> <!-- TestNg.ReadDataOneShort -->
