<?xml version="1.0" encoding="UTF-8"?>
<!-- Generated by org.testng.reporters.JUnitReportReporter -->
<testsuite hostname="DESKTOP-OA6446K" failures="0" tests="1" name="dataDrivenTesting.WriteDataToExcel" time="0.601" errors="0" timestamp="2024-05-29T09:33:47 IST" skipped="0">
  <testcase classname="dataDrivenTesting.WriteDataToExcel" name="dataToExcel" time="0.601"/>
  <system-out/>
</testsuite> <!-- dataDrivenTesting.WriteDataToExcel -->
