<?xml version="1.0" encoding="UTF-8"?>
<!-- Generated by org.testng.reporters.JUnitReportReporter -->
<testsuite hostname="DESKTOP-OA6446K" failures="0" tests="1" name="listeners.NetworkFailure" time="11.569" errors="0" timestamp="2024-05-29T09:54:16 IST" skipped="0">
  <testcase classname="listeners.NetworkFailure" name="searchproduct" time="11.569"/>
  <system-out/>
</testsuite> <!-- listeners.NetworkFailure -->
