<?xml version="1.0" encoding="UTF-8"?>
<!-- Generated by org.testng.reporters.JUnitReportReporter -->
<testsuite hostname="DESKTOP-OA6446K" failures="0" tests="2" name="TestNgBatchExecution.AbhiAbhi" time="31.237" errors="0" timestamp="2024-05-20T11:37:52 IST" skipped="0">
  <testcase classname="TestNgBatchExecution.AbhiAbhi" name="abhiBus" time="25.789"/>
  <system-out/>
  <testcase classname="TestNgBatchExecution.AbhiAbhi" name="abhiBus" time="5.448"/>
  <system-out/>
</testsuite> <!-- TestNgBatchExecution.AbhiAbhi -->
