<?xml version="1.0" encoding="UTF-8"?>
<!-- Generated by org.testng.reporters.JUnitReportReporter -->
<testsuite hostname="DESKTOP-OA6446K" failures="0" tests="1" name="TestNg.OddEven" time="0.518" errors="0" timestamp="2024-05-15T11:48:19 IST" skipped="0">
  <testcase classname="TestNg.OddEven" name="OddEven" time="0.518"/>
  <system-out/>
</testsuite> <!-- TestNg.OddEven -->
