<?xml version="1.0" encoding="UTF-8"?>
<!-- Generated by org.testng.reporters.JUnitReportReporter -->
<testsuite hostname="DESKTOP-OA6446K" failures="0" tests="2" name="basic.ChronologicalOrder" time="0.007" errors="0" timestamp="2024-05-10T16:20:09 IST" skipped="0">
  <testcase classname="basic.ChronologicalOrder" name="beforeTestCase1" time="0.001"/>
  <system-out/>
  <testcase classname="basic.ChronologicalOrder" name="beforeTestCase" time="0.006"/>
  <system-out/>
</testsuite> <!-- basic.ChronologicalOrder -->
