<?xml version="1.0" encoding="UTF-8"?>
<!-- Generated by org.testng.reporters.JUnitReportReporter -->
<testsuite hostname="DESKTOP-OA6446K" failures="0" tests="1" name="PageObjectModel.LoginDws" time="16.511" errors="0" timestamp="2024-05-27T11:40:40 IST" skipped="0">
  <testcase classname="PageObjectModel.LoginDws" name="login" time="16.511"/>
  <system-out/>
</testsuite> <!-- PageObjectModel.LoginDws -->
