<?xml version="1.0" encoding="UTF-8"?>
<!-- Generated by org.testng.reporters.JUnitReportReporter -->
<testsuite hostname="DESKTOP-OA6446K" failures="0" tests="1" name="testNgFashion.Myntra" time="5.852" errors="0" timestamp="2024-05-27T10:13:29 IST" skipped="0">
  <testcase classname="testNgFashion.Myntra" name="myntra" time="5.852"/>
  <system-out/>
</testsuite> <!-- testNgFashion.Myntra -->
