<?xml version="1.0" encoding="UTF-8"?>
<!-- Generated by org.testng.reporters.JUnitReportReporter -->
<testsuite hostname="DESKTOP-OA6446K" failures="0" tests="1" name="TestNg.HwTask1" time="6.320" errors="0" timestamp="2024-05-13T12:42:15 IST" skipped="0">
  <testcase classname="TestNg.HwTask1" name="ok" time="6.320"/>
  <system-out/>
</testsuite> <!-- TestNg.HwTask1 -->
