<?xml version="1.0" encoding="UTF-8"?>
<!-- Generated by org.testng.reporters.JUnitReportReporter -->
<testsuite hostname="DESKTOP-OA6446K" failures="0" tests="1" name="listeners.SearchProduct" time="8.152" errors="0" timestamp="2024-05-27T09:58:16 IST" skipped="0">
  <testcase classname="listeners.SearchProduct" name="searchProduct" time="8.152"/>
  <system-out/>
</testsuite> <!-- listeners.SearchProduct -->
