<?xml version="1.0" encoding="UTF-8"?>
<!-- Generated by org.testng.reporters.JUnitReportReporter -->
<testsuite hostname="DESKTOP-OA6446K" failures="0" tests="1" name="TestNg.DemoWwebShop" time="3.416" errors="0" timestamp="2024-05-17T16:18:02 IST" skipped="0">
  <testcase classname="TestNg.DemoWwebShop" name="add" time="3.416"/>
  <system-out/>
</testsuite> <!-- TestNg.DemoWwebShop -->
