<?xml version="1.0" encoding="UTF-8"?>
<!-- Generated by org.testng.reporters.JUnitReportReporter -->
<testsuite hostname="DESKTOP-OA6446K" failures="0" tests="1" name="parameter.CrossBrowserTesting" time="3.974" errors="0" timestamp="2024-05-21T08:50:23 IST" skipped="0">
  <testcase classname="parameter.CrossBrowserTesting" name="crossBrowesr" time="3.974"/>
  <system-out/>
</testsuite> <!-- parameter.CrossBrowserTesting -->
