<?xml version="1.0" encoding="UTF-8"?>
<!-- Generated by org.testng.reporters.JUnitReportReporter -->
<testsuite hostname="DESKTOP-OA6446K" failures="0" tests="1" name="parameter.DataXmlBaseClass" time="10.251" errors="0" timestamp="2024-05-21T12:30:02 IST" skipped="0">
  <testcase classname="parameter.DataXmlBaseClass" name="dws" time="10.251"/>
  <system-out/>
</testsuite> <!-- parameter.DataXmlBaseClass -->
