<?xml version="1.0" encoding="UTF-8"?>
<!-- Generated by org.testng.reporters.JUnitReportReporter -->
<testsuite hostname="DESKTOP-OA6446K" failures="0" tests="1" name="extentReport.Program1" time="0.567" errors="0" timestamp="2024-05-30T19:32:44 IST" skipped="0">
  <testcase classname="extentReport.Program1" name="launchThereport" time="0.567"/>
  <system-out/>
</testsuite> <!-- extentReport.Program1 -->
