<?xml version="1.0" encoding="UTF-8"?>
<!-- Generated by org.testng.reporters.JUnitReportReporter -->
<testsuite hostname="DESKTOP-OA6446K" failures="0" tests="1" name="testNgFashion.Flipkart" time="8.445" errors="0" timestamp="2024-05-27T10:13:29 IST" skipped="0">
  <testcase classname="testNgFashion.Flipkart" name="flipkart" time="8.445"/>
  <system-out/>
</testsuite> <!-- testNgFashion.Flipkart -->
