<?xml version="1.0" encoding="UTF-8"?>
<!-- Generated by org.testng.reporters.JUnitReportReporter -->
<testsuite hostname="DESKTOP-OA6446K" failures="0" tests="1" name="TestNg.HwCheckPrime$PrimeLogic1" time="0.532" errors="0" timestamp="2024-05-17T17:44:07 IST" skipped="0">
  <testcase classname="TestNg.HwCheckPrime$PrimeLogic1" name="readData" time="0.532"/>
  <system-out/>
</testsuite> <!-- TestNg.HwCheckPrime$PrimeLogic1 -->
