<?xml version="1.0" encoding="UTF-8"?>
<!-- Generated by org.testng.reporters.JUnitReportReporter -->
<testsuite hostname="DESKTOP-OA6446K" failures="0" tests="1" name="dataDrivenTesting.Read_Data_PropertiesFile" time="285.347" errors="0" timestamp="2024-05-15T12:39:09 IST" skipped="0">
  <testcase classname="dataDrivenTesting.Read_Data_PropertiesFile" name="ReadData" time="285.347"/>
  <system-out/>
</testsuite> <!-- dataDrivenTesting.Read_Data_PropertiesFile -->
