<?xml version="1.0" encoding="UTF-8"?>
<!-- Generated by org.testng.reporters.JUnitReportReporter -->
<testsuite hostname="DESKTOP-OA6446K" failures="0" tests="1" name="listeners.addToCart" time="10.493" errors="0" timestamp="2024-05-25T11:40:17 IST" skipped="0">
  <testcase classname="listeners.addToCart" name="AddToCart" time="10.493"/>
  <system-out/>
</testsuite> <!-- listeners.addToCart -->
