<?xml version="1.0" encoding="UTF-8"?>
<!-- Generated by org.testng.reporters.JUnitReportReporter -->
<testsuite hostname="DESKTOP-OA6446K" failures="0" tests="1" name="dataDrivenTesting.DataFromXml" time="4.877" errors="0" timestamp="2024-05-21T10:07:25 IST" skipped="0">
  <testcase classname="dataDrivenTesting.DataFromXml" name="dataFrom" time="4.877"/>
  <system-out/>
</testsuite> <!-- dataDrivenTesting.DataFromXml -->
