<?xml version="1.0" encoding="UTF-8"?>
<!-- Generated by org.testng.reporters.JUnitReportReporter -->
<testsuite hostname="DESKTOP-OA6446K" failures="0" tests="1" name="PageObjectModel.registerDws" time="21.684" errors="0" timestamp="2024-05-28T22:58:31 IST" skipped="0">
  <testcase classname="PageObjectModel.registerDws" name="login" time="21.684"/>
  <system-out/>
</testsuite> <!-- PageObjectModel.registerDws -->
