<?xml version="1.0" encoding="UTF-8"?>
<!-- Generated by org.testng.reporters.JUnitReportReporter -->
<testsuite hostname="DESKTOP-OA6446K" failures="0" tests="1" name="TestNg.HwTask2" time="9.776" errors="0" timestamp="2024-05-13T12:52:26 IST" skipped="0">
  <testcase classname="TestNg.HwTask2" name="okk" time="9.776"/>
  <system-out/>
</testsuite> <!-- TestNg.HwTask2 -->
