<?xml version="1.0" encoding="UTF-8"?>
<!-- Generated by org.testng.reporters.JUnitReportReporter -->
<testsuite hostname="DESKTOP-OA6446K" failures="0" tests="1" name="testNgFashion.Ajio" time="5.509" errors="0" timestamp="2024-05-27T10:13:29 IST" skipped="0">
  <testcase classname="testNgFashion.Ajio" name="ajio" time="5.509"/>
  <system-out/>
</testsuite> <!-- testNgFashion.Ajio -->
