<?xml version="1.0" encoding="UTF-8"?>
<!-- Generated by org.testng.reporters.JUnitReportReporter -->
<testsuite hostname="DESKTOP-OA6446K" failures="0" tests="1" name="TestNg.ReadDataWithOutROw" time="0.535" errors="0" timestamp="2024-05-14T14:54:56 IST" skipped="0">
  <testcase classname="TestNg.ReadDataWithOutROw" name="readData" time="0.535"/>
  <system-out/>
</testsuite> <!-- TestNg.ReadDataWithOutROw -->
