<?xml version="1.0" encoding="UTF-8"?>
<!-- Generated by org.testng.reporters.JUnitReportReporter -->
<testsuite hostname="DESKTOP-OA6446K" failures="0" tests="3" name="TestNg.DepndsOnMethod" time="74.141" errors="0" timestamp="2024-05-16T14:33:10 IST" skipped="0">
  <testcase classname="TestNg.DepndsOnMethod" name="modifyAcc" time="36.376"/>
  <system-out/>
  <testcase classname="TestNg.DepndsOnMethod" name="deleteAcc" time="0.000"/>
  <system-out/>
  <testcase classname="TestNg.DepndsOnMethod" name="createAcc" time="37.765"/>
  <system-out/>
</testsuite> <!-- TestNg.DepndsOnMethod -->
