<?xml version="1.0" encoding="UTF-8"?>
<!-- Generated by org.testng.reporters.JUnitReportReporter -->
<testsuite hostname="DESKTOP-OA6446K" failures="0" tests="2" name="dataDrivenTesting.DataProviderBasic" time="36.677" errors="0" timestamp="2024-05-18T11:24:58 IST" skipped="0">
  <testcase classname="dataDrivenTesting.DataProviderBasic" name="reciver1" time="23.300"/>
  <system-out/>
  <testcase classname="dataDrivenTesting.DataProviderBasic" name="reciver1" time="13.377"/>
  <system-out/>
</testsuite> <!-- dataDrivenTesting.DataProviderBasic -->
